<?xml version="1.0" encoding="UTF-8"?>
<!-- Generated by org.testng.reporters.JUnitReportReporter -->
<testsuite hostname="Abdulkadirkhan" name="testcases.UploadaPicTest" tests="1" failures="1" timestamp="14 Dec 2013 17:41:42 GMT" time="0.002" errors="0">
  <testcase name="uploadPic" time="0.002" classname="testcases.UploadaPicTest"/>
</testsuite> <!-- testcases.UploadaPicTest -->
